Using pre-set license
Built from '2021.3/staging' branch; Version is '2021.3.22f1 (b6c551784ba3) revision 11978065'; Using compiler version '192829333'; Build Type 'Release'
OS: 'Windows 10  (10.0.19045) 64bit Core' Language: 'en' Physical Memory: 16309 MB
BatchMode: 1, IsHumanControllingUs: 0, StartBugReporterOnCrash: 0, Is64bit: 1, IsPro: 1

COMMAND LINE ARGUMENTS:
C:\Program Files\Unity\Hub\Editor\2021.3.22f1\Editor\Unity.exe
-adb2
-batchMode
-noUpm
-name
AssetImportWorker0
-projectPath
D:/Documents/UnityProjects/workshopExample
-logFile
Logs/AssetImportWorker0.log
-srvPort
51151
Successfully changed project path to: D:/Documents/UnityProjects/workshopExample
D:/Documents/UnityProjects/workshopExample
[UnityMemory] Configuration Parameters - Can be set up in boot.config
    "memorysetup-bucket-allocator-granularity=16"
    "memorysetup-bucket-allocator-bucket-count=8"
    "memorysetup-bucket-allocator-block-size=33554432"
    "memorysetup-bucket-allocator-block-count=8"
    "memorysetup-main-allocator-block-size=16777216"
    "memorysetup-thread-allocator-block-size=16777216"
    "memorysetup-gfx-main-allocator-block-size=16777216"
    "memorysetup-gfx-thread-allocator-block-size=16777216"
    "memorysetup-cache-allocator-block-size=4194304"
    "memorysetup-typetree-allocator-block-size=2097152"
    "memorysetup-profiler-bucket-allocator-granularity=16"
    "memorysetup-profiler-bucket-allocator-bucket-count=8"
    "memorysetup-profiler-bucket-allocator-block-size=33554432"
    "memorysetup-profiler-bucket-allocator-block-count=8"
    "memorysetup-profiler-allocator-block-size=16777216"
    "memorysetup-profiler-editor-allocator-block-size=1048576"
    "memorysetup-temp-allocator-size-main=16777216"
    "memorysetup-job-temp-allocator-block-size=2097152"
    "memorysetup-job-temp-allocator-block-size-background=1048576"
    "memorysetup-job-temp-allocator-reduction-small-platforms=262144"
    "memorysetup-temp-allocator-size-background-worker=32768"
    "memorysetup-temp-allocator-size-job-worker=262144"
    "memorysetup-temp-allocator-size-preload-manager=33554432"
    "memorysetup-temp-allocator-size-nav-mesh-worker=65536"
    "memorysetup-temp-allocator-size-audio-worker=65536"
    "memorysetup-temp-allocator-size-cloud-worker=32768"
    "memorysetup-temp-allocator-size-gi-baking-worker=262144"
    "memorysetup-temp-allocator-size-gfx=262144"
Player connection [6528] Host "[IP] 192.168.1.56 [Port] 0 [Flags] 2 [Guid] 3279097445 [EditorId] 3279097445 [Version] 1048832 [Id] WindowsEditor(7,DESKTOP-SOUF) [Debug] 1 [PackageName] WindowsEditor [ProjectName] Editor" joined multi-casting on [225.0.0.222:54997]...

Player connection [6528] Host "[IP] 192.168.1.56 [Port] 0 [Flags] 2 [Guid] 3279097445 [EditorId] 3279097445 [Version] 1048832 [Id] WindowsEditor(7,DESKTOP-SOUF) [Debug] 1 [PackageName] WindowsEditor [ProjectName] Editor" joined alternative multi-casting on [225.0.0.222:34997]...

Refreshing native plugins compatible for Editor in 93.62 ms, found 5 plugins.
Preloading 0 native plugins for Editor in 0.00 ms.
Initialize engine version: 2021.3.22f1 (b6c551784ba3)
[Subsystems] Discovering subsystems at path C:/Program Files/Unity/Hub/Editor/2021.3.22f1/Editor/Data/Resources/UnitySubsystems
[Subsystems] Discovering subsystems at path D:/Documents/UnityProjects/workshopExample/Assets
GfxDevice: creating device client; threaded=0; jobified=0
Direct3D:
    Version:  Direct3D 11.0 [level 11.1]
    Renderer: NVIDIA GeForce GTX 1070 (ID=0x1b81)
    Vendor:   NVIDIA
    VRAM:     8081 MB
    Driver:   31.0.15.2849
Initialize mono
Mono path[0] = 'C:/Program Files/Unity/Hub/Editor/2021.3.22f1/Editor/Data/Managed'
Mono path[1] = 'C:/Program Files/Unity/Hub/Editor/2021.3.22f1/Editor/Data/MonoBleedingEdge/lib/mono/unityjit-win32'
Mono config path = 'C:/Program Files/Unity/Hub/Editor/2021.3.22f1/Editor/Data/MonoBleedingEdge/etc'
Using monoOptions --debugger-agent=transport=dt_socket,embedding=1,server=y,suspend=n,address=127.0.0.1:56836
Begin MonoManager ReloadAssembly
Registering precompiled unity dll's ...
Register platform support module: C:/Program Files/Unity/Hub/Editor/2021.3.22f1/Editor/Data/PlaybackEngines/WindowsStandaloneSupport/UnityEditor.WindowsStandalone.Extensions.dll
Registered in 0.012436 seconds.
Native extension for WindowsStandalone target not found
Refreshing native plugins compatible for Editor in 100.20 ms, found 5 plugins.
Preloading 0 native plugins for Editor in 0.00 ms.
Mono: successfully reloaded assembly
- Completed reload, in  0.696 seconds
Domain Reload Profiling:
	ReloadAssembly (697ms)
		BeginReloadAssembly (93ms)
			ExecutionOrderSort (0ms)
			DisableScriptedObjects (0ms)
			BackupInstance (0ms)
			ReleaseScriptingObjects (0ms)
			CreateAndSetChildDomain (1ms)
		EndReloadAssembly (494ms)
			LoadAssemblies (88ms)
			RebuildTransferFunctionScriptingTraits (0ms)
			SetupTypeCache (119ms)
			ReleaseScriptCaches (0ms)
			RebuildScriptCaches (26ms)
			SetupLoadedEditorAssemblies (293ms)
				LogAssemblyErrors (0ms)
				InitializePlatformSupportModulesInManaged (8ms)
				SetLoadedEditorAssemblies (0ms)
				RefreshPlugins (100ms)
				BeforeProcessingInitializeOnLoad (1ms)
				ProcessInitializeOnLoadAttributes (132ms)
				ProcessInitializeOnLoadMethodAttributes (51ms)
				AfterProcessingInitializeOnLoad (0ms)
				EditorAssembliesLoaded (0ms)
			ExecutionOrderSort2 (0ms)
			AwakeInstancesAfterBackupRestoration (0ms)
Platform modules already initialized, skipping
Registering precompiled user dll's ...
Registered in 0.005570 seconds.
Begin MonoManager ReloadAssembly
Symbol file LoadedFromMemory doesn't match image D:\Documents\UnityProjects\workshopExample\Library\PackageCache\com.unity.visualscripting@1.8.0\Editor\VisualScripting.Core\Dependencies\YamlDotNet\Unity.VisualScripting.YamlDotNet.dll
Symbol file LoadedFromMemory doesn't match image D:\Documents\UnityProjects\workshopExample\Library\PackageCache\com.unity.visualscripting@1.8.0\Editor\VisualScripting.Core\Dependencies\DotNetZip\Unity.VisualScripting.IonicZip.dll
Native extension for WindowsStandalone target not found
Refreshing native plugins compatible for Editor in 0.59 ms, found 5 plugins.
Preloading 0 native plugins for Editor in 0.00 ms.
Package Manager log level set to [2]
Mono: successfully reloaded assembly
- Completed reload, in  1.153 seconds
Domain Reload Profiling:
	ReloadAssembly (1154ms)
		BeginReloadAssembly (129ms)
			ExecutionOrderSort (0ms)
			DisableScriptedObjects (5ms)
			BackupInstance (0ms)
			ReleaseScriptingObjects (0ms)
			CreateAndSetChildDomain (18ms)
		EndReloadAssembly (920ms)
			LoadAssemblies (107ms)
			RebuildTransferFunctionScriptingTraits (0ms)
			SetupTypeCache (314ms)
			ReleaseScriptCaches (1ms)
			RebuildScriptCaches (90ms)
			SetupLoadedEditorAssemblies (382ms)
				LogAssemblyErrors (0ms)
				InitializePlatformSupportModulesInManaged (6ms)
				SetLoadedEditorAssemblies (0ms)
				RefreshPlugins (1ms)
				BeforeProcessingInitializeOnLoad (113ms)
				ProcessInitializeOnLoadAttributes (230ms)
				ProcessInitializeOnLoadMethodAttributes (18ms)
				AfterProcessingInitializeOnLoad (14ms)
				EditorAssembliesLoaded (0ms)
			ExecutionOrderSort2 (0ms)
			AwakeInstancesAfterBackupRestoration (10ms)
Platform modules already initialized, skipping
========================================================================
Worker process is ready to serve import requests
Launched and connected shader compiler UnityShaderCompiler.exe after 0.06 seconds
Refreshing native plugins compatible for Editor in 0.81 ms, found 5 plugins.
Preloading 0 native plugins for Editor in 0.00 ms.
Unloading 3406 Unused Serialized files (Serialized files now loaded: 0)
Unloading 30 unused Assets / (84.0 KB). Loaded Objects now: 3865.
Memory consumption went from 122.6 MB to 122.5 MB.
Total: 3.065600 ms (FindLiveObjects: 0.273000 ms CreateObjectMapping: 0.301800 ms MarkObjects: 2.387000 ms  DeleteObjects: 0.102900 ms)

AssetImportParameters requested are different than current active one (requested -> active):
  custom:video-decoder-ogg-theora: a1e56fd34408186e4bbccfd4996cb3dc -> 
  custom:container-muxer-webm: aa71ff27fc2769a1b78a27578f13a17b -> 
  custom:container-demuxer-webm: 4f35f7cbe854078d1ac9338744f61a02 -> 
  custom:video-encoder-webm-vp8: eb34c28f22e8b96e1ab97ce403110664 -> 
  custom:video-codec-MediaFoundation-h265: 746d11721c4dcdbdad8f713fa42b33f4 -> 
  custom:audio-encoder-webm-vorbis: bf7c407c2cedff20999df2af8eb42d56 -> 
  custom:framework-win-MediaFoundation: 216162199b28c13a410421893ffa2e32 -> 
  custom:container-demuxer-ogg: 62fdf1f143b41e24485cea50d1cbac27 -> 
  custom:video-decoder-webm-vp8: 9c59270c3fd7afecdb556c50c9e8de78 -> 
  custom:audio-decoder-ogg-vorbis: bf7c407c2cedff20999df2af8eb42d56 -> 
========================================================================
Received Import Request.
  Time since last request: 34405.854327 seconds.
  path: Assets/Samples
  artifactKey: Guid(c608ebbf502bbf64caa04efa79f8d069) Importer(815301076,1909f56bfc062723c751e8b465ee728b)
Start importing Assets/Samples using Guid(c608ebbf502bbf64caa04efa79f8d069) Importer(815301076,1909f56bfc062723c751e8b465ee728b)  -> (artifact id: 'b8c1aea7b275dfd9c33b6be8b0e7399f') in 0.209889 seconds 
========================================================================
Received Import Request.
  Time since last request: 0.497213 seconds.
  path: Assets/Samples/Ultraleap Tracking
  artifactKey: Guid(c19d9e740b2807040b365d967417f8c9) Importer(815301076,1909f56bfc062723c751e8b465ee728b)
Start importing Assets/Samples/Ultraleap Tracking using Guid(c19d9e740b2807040b365d967417f8c9) Importer(815301076,1909f56bfc062723c751e8b465ee728b)  -> (artifact id: 'a67b9fc6c08808b44677cbb2a6d2f42d') in 0.010313 seconds 
========================================================================
Received Import Request.
  Time since last request: 0.453025 seconds.
  path: Assets/Samples/Ultraleap Tracking/6.13.0
  artifactKey: Guid(33ef2cd61e5919044a0985f913e1de09) Importer(815301076,1909f56bfc062723c751e8b465ee728b)
Start importing Assets/Samples/Ultraleap Tracking/6.13.0 using Guid(33ef2cd61e5919044a0985f913e1de09) Importer(815301076,1909f56bfc062723c751e8b465ee728b)  -> (artifact id: '317f2577638dc82ed3dc3bc0b485cf34') in 0.007059 seconds 
========================================================================
Received Import Request.
  Time since last request: 1.317828 seconds.
  path: Assets/Samples/Ultraleap Tracking/6.13.0/Interaction Examples/1. XR Examples
  artifactKey: Guid(f0d237e5d8e959d43af74faf39399ee8) Importer(815301076,1909f56bfc062723c751e8b465ee728b)
Start importing Assets/Samples/Ultraleap Tracking/6.13.0/Interaction Examples/1. XR Examples using Guid(f0d237e5d8e959d43af74faf39399ee8) Importer(815301076,1909f56bfc062723c751e8b465ee728b)  -> (artifact id: 'f96243ad5ba1083ffc026f89ba943008') in 0.030889 seconds 
========================================================================
Received Import Request.
  Time since last request: 1.306500 seconds.
  path: Assets/Samples/Ultraleap Tracking/6.13.0/Interaction Examples/1. XR Examples/1. Getting Started
  artifactKey: Guid(77f19ae2082ca7b44aa9872c4fa9753d) Importer(815301076,1909f56bfc062723c751e8b465ee728b)
Start importing Assets/Samples/Ultraleap Tracking/6.13.0/Interaction Examples/1. XR Examples/1. Getting Started using Guid(77f19ae2082ca7b44aa9872c4fa9753d) Importer(815301076,1909f56bfc062723c751e8b465ee728b)  -> (artifact id: '6872266b0d41542d7341e91c7e6f4ea3') in 0.007950 seconds 
========================================================================
Received Import Request.
  Time since last request: 21.323952 seconds.
  path: Assets/Samples/Ultraleap Tracking/6.13.0/Interaction Examples/1. XR Examples/2. Building Blocks/2. Pre-rigged Hands
  artifactKey: Guid(86a242a8d98ba7945a57079a421d16f0) Importer(815301076,1909f56bfc062723c751e8b465ee728b)
Start importing Assets/Samples/Ultraleap Tracking/6.13.0/Interaction Examples/1. XR Examples/2. Building Blocks/2. Pre-rigged Hands using Guid(86a242a8d98ba7945a57079a421d16f0) Importer(815301076,1909f56bfc062723c751e8b465ee728b)  -> (artifact id: '71eaf8b064838bff900939faf715e901') in 0.027662 seconds 
========================================================================
Received Import Request.
  Time since last request: 4.667291 seconds.
  path: Assets/Samples/Ultraleap Tracking/6.13.0/Interaction Examples/1. XR Examples/2. Building Blocks/3. Menus & UI/2. Hand Menu.unity
  artifactKey: Guid(ae73948aa62db4f419627fe2d6061a32) Importer(815301076,1909f56bfc062723c751e8b465ee728b)
Start importing Assets/Samples/Ultraleap Tracking/6.13.0/Interaction Examples/1. XR Examples/2. Building Blocks/3. Menus & UI/2. Hand Menu.unity using Guid(ae73948aa62db4f419627fe2d6061a32) Importer(815301076,1909f56bfc062723c751e8b465ee728b)  -> (artifact id: '3aa4ff1edb16a722309083d8fc2e9bb8') in 0.008384 seconds 
========================================================================
Received Import Request.
  Time since last request: 11.256029 seconds.
  path: Assets/Samples/Ultraleap Tracking/6.13.0/Interaction Examples/1. XR Examples/2. Building Blocks/3. Menus & UI/3. Dynamic UI.unity
  artifactKey: Guid(329e30ace85910144998f2a756bf5c04) Importer(815301076,1909f56bfc062723c751e8b465ee728b)
Start importing Assets/Samples/Ultraleap Tracking/6.13.0/Interaction Examples/1. XR Examples/2. Building Blocks/3. Menus & UI/3. Dynamic UI.unity using Guid(329e30ace85910144998f2a756bf5c04) Importer(815301076,1909f56bfc062723c751e8b465ee728b)  -> (artifact id: 'd1d1cd648abdeefa5e7216537892a75d') in 0.012823 seconds 
========================================================================
Received Import Request.
  Time since last request: 12.695468 seconds.
  path: Assets/Scenes/SampleScene.unity
  artifactKey: Guid(9fc0d4010bbf28b4594072e72b8655ab) Importer(815301076,1909f56bfc062723c751e8b465ee728b)
Start importing Assets/Scenes/SampleScene.unity using Guid(9fc0d4010bbf28b4594072e72b8655ab) Importer(815301076,1909f56bfc062723c751e8b465ee728b)  -> (artifact id: 'ff49ccae7b98f7319d5c495abf0dcfd9') in 0.053846 seconds 
